[0.328s] Invoking command in '/home/chinmay/ROS2_Humble-Actions/src/actions_py': PYTHONPATH=/home/chinmay/ROS2_Humble-Actions/build/actions_py/prefix_override:/home/chinmay/.local/lib/python3.10/site-packages/colcon_core/task/python/colcon_distutils_commands:/home/chinmay/ROS2_Humble-Actions/install/actions_py/lib/python3.10/site-packages:${PYTHONPATH} /usr/bin/python3 -W ignore:setup.py install is deprecated -W ignore:easy_install command is deprecated setup.py egg_info --egg-base ../../build/actions_py build --build-base /home/chinmay/ROS2_Humble-Actions/build/actions_py/build install --record /home/chinmay/ROS2_Humble-Actions/build/actions_py/install.log --single-version-externally-managed install_data
[0.450s] running egg_info
[0.450s] creating ../../build/actions_py/actions_py.egg-info
[0.450s] writing ../../build/actions_py/actions_py.egg-info/PKG-INFO
[0.450s] writing dependency_links to ../../build/actions_py/actions_py.egg-info/dependency_links.txt
[0.450s] writing entry points to ../../build/actions_py/actions_py.egg-info/entry_points.txt
[0.451s] writing requirements to ../../build/actions_py/actions_py.egg-info/requires.txt
[0.451s] writing top-level names to ../../build/actions_py/actions_py.egg-info/top_level.txt
[0.451s] writing manifest file '../../build/actions_py/actions_py.egg-info/SOURCES.txt'
[0.451s] reading manifest file '../../build/actions_py/actions_py.egg-info/SOURCES.txt'
[0.452s] writing manifest file '../../build/actions_py/actions_py.egg-info/SOURCES.txt'
[0.452s] running build
[0.452s] running build_py
[0.452s] creating /home/chinmay/ROS2_Humble-Actions/build/actions_py/build
[0.452s] creating /home/chinmay/ROS2_Humble-Actions/build/actions_py/build/lib
[0.452s] creating /home/chinmay/ROS2_Humble-Actions/build/actions_py/build/lib/actions_py
[0.452s] copying actions_py/count_until_server.py -> /home/chinmay/ROS2_Humble-Actions/build/actions_py/build/lib/actions_py
[0.452s] copying actions_py/__init__.py -> /home/chinmay/ROS2_Humble-Actions/build/actions_py/build/lib/actions_py
[0.452s] copying actions_py/count_until_client.py -> /home/chinmay/ROS2_Humble-Actions/build/actions_py/build/lib/actions_py
[0.453s] running install
[0.453s] running install_lib
[0.453s] creating /home/chinmay/ROS2_Humble-Actions/install/actions_py/lib/python3.10/site-packages/actions_py
[0.453s] copying /home/chinmay/ROS2_Humble-Actions/build/actions_py/build/lib/actions_py/count_until_server.py -> /home/chinmay/ROS2_Humble-Actions/install/actions_py/lib/python3.10/site-packages/actions_py
[0.453s] copying /home/chinmay/ROS2_Humble-Actions/build/actions_py/build/lib/actions_py/__init__.py -> /home/chinmay/ROS2_Humble-Actions/install/actions_py/lib/python3.10/site-packages/actions_py
[0.453s] copying /home/chinmay/ROS2_Humble-Actions/build/actions_py/build/lib/actions_py/count_until_client.py -> /home/chinmay/ROS2_Humble-Actions/install/actions_py/lib/python3.10/site-packages/actions_py
[0.453s] byte-compiling /home/chinmay/ROS2_Humble-Actions/install/actions_py/lib/python3.10/site-packages/actions_py/count_until_server.py to count_until_server.cpython-310.pyc
[0.453s] byte-compiling /home/chinmay/ROS2_Humble-Actions/install/actions_py/lib/python3.10/site-packages/actions_py/__init__.py to __init__.cpython-310.pyc
[0.453s] byte-compiling /home/chinmay/ROS2_Humble-Actions/install/actions_py/lib/python3.10/site-packages/actions_py/count_until_client.py to count_until_client.cpython-310.pyc
[0.454s] running install_data
[0.454s] creating /home/chinmay/ROS2_Humble-Actions/install/actions_py/share/ament_index
[0.454s] creating /home/chinmay/ROS2_Humble-Actions/install/actions_py/share/ament_index/resource_index
[0.454s] creating /home/chinmay/ROS2_Humble-Actions/install/actions_py/share/ament_index/resource_index/packages
[0.454s] copying resource/actions_py -> /home/chinmay/ROS2_Humble-Actions/install/actions_py/share/ament_index/resource_index/packages
[0.454s] copying package.xml -> /home/chinmay/ROS2_Humble-Actions/install/actions_py/share/actions_py
[0.454s] running install_egg_info
[0.455s] Copying ../../build/actions_py/actions_py.egg-info to /home/chinmay/ROS2_Humble-Actions/install/actions_py/lib/python3.10/site-packages/actions_py-0.0.0-py3.10.egg-info
[0.455s] running install_scripts
[0.468s] Installing count_until_client script to /home/chinmay/ROS2_Humble-Actions/install/actions_py/lib/actions_py
[0.468s] Installing count_until_server script to /home/chinmay/ROS2_Humble-Actions/install/actions_py/lib/actions_py
[0.468s] writing list of installed files to '/home/chinmay/ROS2_Humble-Actions/build/actions_py/install.log'
[0.484s] Invoked command in '/home/chinmay/ROS2_Humble-Actions/src/actions_py' returned '0': PYTHONPATH=/home/chinmay/ROS2_Humble-Actions/build/actions_py/prefix_override:/home/chinmay/.local/lib/python3.10/site-packages/colcon_core/task/python/colcon_distutils_commands:/home/chinmay/ROS2_Humble-Actions/install/actions_py/lib/python3.10/site-packages:${PYTHONPATH} /usr/bin/python3 -W ignore:setup.py install is deprecated -W ignore:easy_install command is deprecated setup.py egg_info --egg-base ../../build/actions_py build --build-base /home/chinmay/ROS2_Humble-Actions/build/actions_py/build install --record /home/chinmay/ROS2_Humble-Actions/build/actions_py/install.log --single-version-externally-managed install_data
