[0.162s] Invoking command in '/home/chinmay/ROS2_Humble-Actions/src/build/my_robot_interfaces': CMAKE_PREFIX_PATH=/opt/ros/humble /usr/bin/cmake /home/chinmay/ROS2_Humble-Actions/src/my_robot_interfaces -DCMAKE_INSTALL_PREFIX=/home/chinmay/ROS2_Humble-Actions/src/install/my_robot_interfaces
[0.262s] -- The C compiler identification is GNU 11.4.0
[0.345s] -- The CXX compiler identification is GNU 11.4.0
[0.353s] -- Detecting C compiler ABI info
[0.409s] -- Detecting C compiler ABI info - done
[0.415s] -- Check for working C compiler: /usr/bin/cc - skipped
[0.415s] -- Detecting C compile features
[0.415s] -- Detecting C compile features - done
[0.418s] -- Detecting CXX compiler ABI info
[0.477s] -- Detecting CXX compiler ABI info - done
[0.484s] -- Check for working CXX compiler: /usr/bin/c++ - skipped
[0.485s] -- Detecting CXX compile features
[0.485s] -- Detecting CXX compile features - done
[0.488s] -- Found ament_cmake: 1.3.11 (/opt/ros/humble/share/ament_cmake/cmake)
[0.598s] -- Found Python3: /usr/bin/python3 (found version "3.10.12") found components: Interpreter 
[0.669s] -- Found rosidl_default_generators: 1.2.0 (/opt/ros/humble/share/rosidl_default_generators/cmake)
[0.673s] -- Using all available rosidl_typesupport_c: rosidl_typesupport_fastrtps_c;rosidl_typesupport_introspection_c
[0.678s] -- Found rosidl_adapter: 3.1.6 (/opt/ros/humble/share/rosidl_adapter/cmake)
[0.706s] -- Using all available rosidl_typesupport_cpp: rosidl_typesupport_fastrtps_cpp;rosidl_typesupport_introspection_cpp
[0.926s] -- Found ament_cmake_ros: 0.10.0 (/opt/ros/humble/share/ament_cmake_ros/cmake)
[1.054s] -- Using all available rosidl_typesupport_c: rosidl_typesupport_fastrtps_c;rosidl_typesupport_introspection_c
[1.226s] -- Using all available rosidl_typesupport_cpp: rosidl_typesupport_fastrtps_cpp;rosidl_typesupport_introspection_cpp
[1.243s] -- Found PythonInterp: /usr/bin/python3 (found suitable version "3.10.12", minimum required is "3.6") 
[1.244s] -- Found python_cmake_module: 0.10.0 (/opt/ros/humble/share/python_cmake_module/cmake)
[1.262s] -- Found PythonLibs: /usr/lib/x86_64-linux-gnu/libpython3.10.so (found suitable version "3.10.12", minimum required is "3.5") 
[1.262s] -- Using PYTHON_EXECUTABLE: /usr/bin/python3
[1.262s] -- Using PYTHON_INCLUDE_DIRS: /usr/include/python3.10
[1.262s] -- Using PYTHON_LIBRARIES: /usr/lib/x86_64-linux-gnu/libpython3.10.so
[1.280s] -- Found PythonExtra: .so  
[1.318s] -- Configuring done
[1.336s] -- Generating done
[1.343s] -- Build files have been written to: /home/chinmay/ROS2_Humble-Actions/src/build/my_robot_interfaces
[1.347s] Invoked command in '/home/chinmay/ROS2_Humble-Actions/src/build/my_robot_interfaces' returned '0': CMAKE_PREFIX_PATH=/opt/ros/humble /usr/bin/cmake /home/chinmay/ROS2_Humble-Actions/src/my_robot_interfaces -DCMAKE_INSTALL_PREFIX=/home/chinmay/ROS2_Humble-Actions/src/install/my_robot_interfaces
[1.348s] Invoking command in '/home/chinmay/ROS2_Humble-Actions/src/build/my_robot_interfaces': CMAKE_PREFIX_PATH=/opt/ros/humble /usr/bin/cmake --build /home/chinmay/ROS2_Humble-Actions/src/build/my_robot_interfaces -- -j12 -l12
[1.377s] [  3%] [34m[1mGenerating C code for ROS interfaces[0m
[1.386s] [  6%] [34m[1mGenerating C++ code for ROS interfaces[0m
[1.392s] [  6%] Built target ament_cmake_python_copy_my_robot_interfaces
[1.531s] running egg_info
[1.531s] creating my_robot_interfaces.egg-info
[1.532s] writing my_robot_interfaces.egg-info/PKG-INFO
[1.532s] writing dependency_links to my_robot_interfaces.egg-info/dependency_links.txt
[1.532s] writing top-level names to my_robot_interfaces.egg-info/top_level.txt
[1.532s] writing manifest file 'my_robot_interfaces.egg-info/SOURCES.txt'
[1.533s] reading manifest file 'my_robot_interfaces.egg-info/SOURCES.txt'
[1.533s] writing manifest file 'my_robot_interfaces.egg-info/SOURCES.txt'
[1.552s] [  6%] Built target ament_cmake_python_build_my_robot_interfaces_egg
[1.630s] [  9%] [32mBuilding C object CMakeFiles/my_robot_interfaces__rosidl_generator_c.dir/rosidl_generator_c/my_robot_interfaces/action/detail/count_until__functions.c.o[0m
[1.638s] [  9%] Built target my_robot_interfaces__cpp
[1.644s] [ 12%] [34m[1mGenerating C++ type support dispatch for ROS interfaces[0m
[1.645s] [ 16%] [34m[1mGenerating C++ type support for eProsima Fast-RTPS[0m
[1.646s] [ 19%] [34m[1mGenerating C++ introspection for ROS interfaces[0m
[1.731s] [ 22%] [32m[1mLinking C shared library libmy_robot_interfaces__rosidl_generator_c.so[0m
[1.757s] [ 22%] Built target my_robot_interfaces__rosidl_generator_c
[1.764s] [ 25%] [34m[1mGenerating C type support dispatch for ROS interfaces[0m
[1.765s] [ 32%] [34m[1mGenerating C type support for eProsima Fast-RTPS[0m
[1.766s] [ 32%] [34m[1mGenerating C introspection for ROS interfaces[0m
[1.849s] [ 35%] [32mBuilding CXX object CMakeFiles/my_robot_interfaces__rosidl_typesupport_cpp.dir/rosidl_typesupport_cpp/my_robot_interfaces/action/count_until__type_support.cpp.o[0m
[1.859s] [ 38%] [32mBuilding CXX object CMakeFiles/my_robot_interfaces__rosidl_typesupport_introspection_cpp.dir/rosidl_typesupport_introspection_cpp/my_robot_interfaces/action/detail/count_until__type_support.cpp.o[0m
[1.878s] [ 41%] [32mBuilding CXX object CMakeFiles/my_robot_interfaces__rosidl_typesupport_fastrtps_cpp.dir/rosidl_typesupport_fastrtps_cpp/my_robot_interfaces/action/detail/dds_fastrtps/count_until__type_support.cpp.o[0m
[1.938s] [ 45%] [32mBuilding CXX object CMakeFiles/my_robot_interfaces__rosidl_typesupport_c.dir/rosidl_typesupport_c/my_robot_interfaces/action/count_until__type_support.cpp.o[0m
[1.981s] [ 48%] [32m[1mLinking CXX shared library libmy_robot_interfaces__rosidl_typesupport_c.so[0m
[2.010s] [ 51%] [32mBuilding CXX object CMakeFiles/my_robot_interfaces__rosidl_typesupport_fastrtps_c.dir/rosidl_typesupport_fastrtps_c/my_robot_interfaces/action/detail/count_until__type_support_c.cpp.o[0m
[2.017s] [ 51%] Built target my_robot_interfaces__rosidl_typesupport_c
[2.027s] [ 54%] [32mBuilding C object CMakeFiles/my_robot_interfaces__rosidl_typesupport_introspection_c.dir/rosidl_typesupport_introspection_c/my_robot_interfaces/action/detail/count_until__type_support.c.o[0m
[2.061s] [ 58%] [32m[1mLinking C shared library libmy_robot_interfaces__rosidl_typesupport_introspection_c.so[0m
[2.090s] [ 58%] Built target my_robot_interfaces__rosidl_typesupport_introspection_c
[2.181s] [ 61%] [32m[1mLinking CXX shared library libmy_robot_interfaces__rosidl_typesupport_cpp.so[0m
[2.212s] [ 61%] Built target my_robot_interfaces__rosidl_typesupport_cpp
[2.243s] [ 64%] [32m[1mLinking CXX shared library libmy_robot_interfaces__rosidl_typesupport_fastrtps_c.so[0m
[2.257s] [ 67%] [32m[1mLinking CXX shared library libmy_robot_interfaces__rosidl_typesupport_introspection_cpp.so[0m
[2.273s] [ 70%] [32m[1mLinking CXX shared library libmy_robot_interfaces__rosidl_typesupport_fastrtps_cpp.so[0m
[2.303s] [ 70%] Built target my_robot_interfaces__rosidl_typesupport_fastrtps_c
[2.319s] [ 70%] Built target my_robot_interfaces__rosidl_typesupport_introspection_cpp
[2.335s] [ 70%] Built target my_robot_interfaces__rosidl_typesupport_fastrtps_cpp
[2.353s] [ 70%] Built target my_robot_interfaces
[2.370s] [ 74%] [34m[1mGenerating Python code for ROS interfaces[0m
[2.772s] [ 74%] Built target my_robot_interfaces__py
[2.788s] [ 77%] [32mBuilding C object CMakeFiles/my_robot_interfaces__rosidl_generator_py.dir/rosidl_generator_py/my_robot_interfaces/action/_count_until_s.c.o[0m
[2.889s] [ 80%] [32m[1mLinking C shared library rosidl_generator_py/my_robot_interfaces/libmy_robot_interfaces__rosidl_generator_py.so[0m
[2.924s] [ 80%] Built target my_robot_interfaces__rosidl_generator_py
[2.939s] [ 83%] [32mBuilding C object CMakeFiles/my_robot_interfaces__rosidl_typesupport_c__pyext.dir/rosidl_generator_py/my_robot_interfaces/_my_robot_interfaces_s.ep.rosidl_typesupport_c.c.o[0m
[2.941s] [ 87%] [32mBuilding C object CMakeFiles/my_robot_interfaces__rosidl_typesupport_fastrtps_c__pyext.dir/rosidl_generator_py/my_robot_interfaces/_my_robot_interfaces_s.ep.rosidl_typesupport_fastrtps_c.c.o[0m
[2.941s] [ 90%] [32mBuilding C object CMakeFiles/my_robot_interfaces__rosidl_typesupport_introspection_c__pyext.dir/rosidl_generator_py/my_robot_interfaces/_my_robot_interfaces_s.ep.rosidl_typesupport_introspection_c.c.o[0m
[3.009s] [ 93%] [32m[1mLinking C shared library rosidl_generator_py/my_robot_interfaces/my_robot_interfaces_s__rosidl_typesupport_introspection_c.cpython-310-x86_64-linux-gnu.so[0m
[3.009s] [ 96%] [32m[1mLinking C shared library rosidl_generator_py/my_robot_interfaces/my_robot_interfaces_s__rosidl_typesupport_c.cpython-310-x86_64-linux-gnu.so[0m
[3.014s] [100%] [32m[1mLinking C shared library rosidl_generator_py/my_robot_interfaces/my_robot_interfaces_s__rosidl_typesupport_fastrtps_c.cpython-310-x86_64-linux-gnu.so[0m
[3.035s] [100%] Built target my_robot_interfaces__rosidl_typesupport_introspection_c__pyext
[3.040s] [100%] Built target my_robot_interfaces__rosidl_typesupport_c__pyext
[3.043s] [100%] Built target my_robot_interfaces__rosidl_typesupport_fastrtps_c__pyext
[3.050s] Invoked command in '/home/chinmay/ROS2_Humble-Actions/src/build/my_robot_interfaces' returned '0': CMAKE_PREFIX_PATH=/opt/ros/humble /usr/bin/cmake --build /home/chinmay/ROS2_Humble-Actions/src/build/my_robot_interfaces -- -j12 -l12
[3.057s] Invoking command in '/home/chinmay/ROS2_Humble-Actions/src/build/my_robot_interfaces': CMAKE_PREFIX_PATH=/opt/ros/humble /usr/bin/cmake --install /home/chinmay/ROS2_Humble-Actions/src/build/my_robot_interfaces
[3.063s] -- Install configuration: ""
[3.063s] -- Installing: /home/chinmay/ROS2_Humble-Actions/src/install/my_robot_interfaces/share/ament_index/resource_index/rosidl_interfaces/my_robot_interfaces
[3.063s] -- Installing: /home/chinmay/ROS2_Humble-Actions/src/install/my_robot_interfaces/include/my_robot_interfaces/my_robot_interfaces
[3.063s] -- Installing: /home/chinmay/ROS2_Humble-Actions/src/install/my_robot_interfaces/include/my_robot_interfaces/my_robot_interfaces/action
[3.063s] -- Installing: /home/chinmay/ROS2_Humble-Actions/src/install/my_robot_interfaces/include/my_robot_interfaces/my_robot_interfaces/action/detail
[3.063s] -- Installing: /home/chinmay/ROS2_Humble-Actions/src/install/my_robot_interfaces/include/my_robot_interfaces/my_robot_interfaces/action/detail/count_until__functions.c
[3.063s] -- Installing: /home/chinmay/ROS2_Humble-Actions/src/install/my_robot_interfaces/include/my_robot_interfaces/my_robot_interfaces/action/detail/count_until__type_support.h
[3.063s] -- Installing: /home/chinmay/ROS2_Humble-Actions/src/install/my_robot_interfaces/include/my_robot_interfaces/my_robot_interfaces/action/detail/count_until__functions.h
[3.063s] -- Installing: /home/chinmay/ROS2_Humble-Actions/src/install/my_robot_interfaces/include/my_robot_interfaces/my_robot_interfaces/action/detail/count_until__struct.h
[3.063s] -- Installing: /home/chinmay/ROS2_Humble-Actions/src/install/my_robot_interfaces/include/my_robot_interfaces/my_robot_interfaces/action/count_until.h
[3.063s] -- Installing: /home/chinmay/ROS2_Humble-Actions/src/install/my_robot_interfaces/include/my_robot_interfaces/my_robot_interfaces/msg
[3.063s] -- Installing: /home/chinmay/ROS2_Humble-Actions/src/install/my_robot_interfaces/include/my_robot_interfaces/my_robot_interfaces/msg/rosidl_generator_c__visibility_control.h
[3.063s] -- Installing: /home/chinmay/ROS2_Humble-Actions/src/install/my_robot_interfaces/share/my_robot_interfaces/environment/library_path.sh
[3.063s] -- Installing: /home/chinmay/ROS2_Humble-Actions/src/install/my_robot_interfaces/share/my_robot_interfaces/environment/library_path.dsv
[3.063s] -- Installing: /home/chinmay/ROS2_Humble-Actions/src/install/my_robot_interfaces/lib/libmy_robot_interfaces__rosidl_generator_c.so
[3.064s] -- Set runtime path of "/home/chinmay/ROS2_Humble-Actions/src/install/my_robot_interfaces/lib/libmy_robot_interfaces__rosidl_generator_c.so" to ""
[3.064s] -- Up-to-date: /home/chinmay/ROS2_Humble-Actions/src/install/my_robot_interfaces/include/my_robot_interfaces/my_robot_interfaces
[3.064s] -- Up-to-date: /home/chinmay/ROS2_Humble-Actions/src/install/my_robot_interfaces/include/my_robot_interfaces/my_robot_interfaces/action
[3.064s] -- Up-to-date: /home/chinmay/ROS2_Humble-Actions/src/install/my_robot_interfaces/include/my_robot_interfaces/my_robot_interfaces/action/detail
[3.064s] -- Installing: /home/chinmay/ROS2_Humble-Actions/src/install/my_robot_interfaces/include/my_robot_interfaces/my_robot_interfaces/action/detail/count_until__rosidl_typesupport_fastrtps_c.h
[3.064s] -- Up-to-date: /home/chinmay/ROS2_Humble-Actions/src/install/my_robot_interfaces/include/my_robot_interfaces/my_robot_interfaces/msg
[3.064s] -- Installing: /home/chinmay/ROS2_Humble-Actions/src/install/my_robot_interfaces/include/my_robot_interfaces/my_robot_interfaces/msg/rosidl_typesupport_fastrtps_c__visibility_control.h
[3.064s] -- Installing: /home/chinmay/ROS2_Humble-Actions/src/install/my_robot_interfaces/lib/libmy_robot_interfaces__rosidl_typesupport_fastrtps_c.so
[3.064s] -- Set runtime path of "/home/chinmay/ROS2_Humble-Actions/src/install/my_robot_interfaces/lib/libmy_robot_interfaces__rosidl_typesupport_fastrtps_c.so" to ""
[3.064s] -- Up-to-date: /home/chinmay/ROS2_Humble-Actions/src/install/my_robot_interfaces/include/my_robot_interfaces/my_robot_interfaces
[3.064s] -- Up-to-date: /home/chinmay/ROS2_Humble-Actions/src/install/my_robot_interfaces/include/my_robot_interfaces/my_robot_interfaces/action
[3.064s] -- Up-to-date: /home/chinmay/ROS2_Humble-Actions/src/install/my_robot_interfaces/include/my_robot_interfaces/my_robot_interfaces/action/detail
[3.064s] -- Installing: /home/chinmay/ROS2_Humble-Actions/src/install/my_robot_interfaces/include/my_robot_interfaces/my_robot_interfaces/action/detail/count_until__type_support.c
[3.064s] -- Installing: /home/chinmay/ROS2_Humble-Actions/src/install/my_robot_interfaces/include/my_robot_interfaces/my_robot_interfaces/action/detail/count_until__rosidl_typesupport_introspection_c.h
[3.064s] -- Up-to-date: /home/chinmay/ROS2_Humble-Actions/src/install/my_robot_interfaces/include/my_robot_interfaces/my_robot_interfaces/msg
[3.064s] -- Installing: /home/chinmay/ROS2_Humble-Actions/src/install/my_robot_interfaces/include/my_robot_interfaces/my_robot_interfaces/msg/rosidl_typesupport_introspection_c__visibility_control.h
[3.064s] -- Installing: /home/chinmay/ROS2_Humble-Actions/src/install/my_robot_interfaces/lib/libmy_robot_interfaces__rosidl_typesupport_introspection_c.so
[3.064s] -- Set runtime path of "/home/chinmay/ROS2_Humble-Actions/src/install/my_robot_interfaces/lib/libmy_robot_interfaces__rosidl_typesupport_introspection_c.so" to ""
[3.064s] -- Installing: /home/chinmay/ROS2_Humble-Actions/src/install/my_robot_interfaces/lib/libmy_robot_interfaces__rosidl_typesupport_c.so
[3.064s] -- Set runtime path of "/home/chinmay/ROS2_Humble-Actions/src/install/my_robot_interfaces/lib/libmy_robot_interfaces__rosidl_typesupport_c.so" to ""
[3.064s] -- Up-to-date: /home/chinmay/ROS2_Humble-Actions/src/install/my_robot_interfaces/include/my_robot_interfaces/my_robot_interfaces
[3.064s] -- Up-to-date: /home/chinmay/ROS2_Humble-Actions/src/install/my_robot_interfaces/include/my_robot_interfaces/my_robot_interfaces/action
[3.064s] -- Installing: /home/chinmay/ROS2_Humble-Actions/src/install/my_robot_interfaces/include/my_robot_interfaces/my_robot_interfaces/action/count_until.hpp
[3.065s] -- Up-to-date: /home/chinmay/ROS2_Humble-Actions/src/install/my_robot_interfaces/include/my_robot_interfaces/my_robot_interfaces/action/detail
[3.065s] -- Installing: /home/chinmay/ROS2_Humble-Actions/src/install/my_robot_interfaces/include/my_robot_interfaces/my_robot_interfaces/action/detail/count_until__builder.hpp
[3.065s] -- Installing: /home/chinmay/ROS2_Humble-Actions/src/install/my_robot_interfaces/include/my_robot_interfaces/my_robot_interfaces/action/detail/count_until__struct.hpp
[3.065s] -- Installing: /home/chinmay/ROS2_Humble-Actions/src/install/my_robot_interfaces/include/my_robot_interfaces/my_robot_interfaces/action/detail/count_until__traits.hpp
[3.065s] -- Installing: /home/chinmay/ROS2_Humble-Actions/src/install/my_robot_interfaces/include/my_robot_interfaces/my_robot_interfaces/action/detail/count_until__type_support.hpp
[3.065s] -- Up-to-date: /home/chinmay/ROS2_Humble-Actions/src/install/my_robot_interfaces/include/my_robot_interfaces/my_robot_interfaces/msg
[3.065s] -- Installing: /home/chinmay/ROS2_Humble-Actions/src/install/my_robot_interfaces/include/my_robot_interfaces/my_robot_interfaces/msg/rosidl_generator_cpp__visibility_control.hpp
[3.065s] -- Up-to-date: /home/chinmay/ROS2_Humble-Actions/src/install/my_robot_interfaces/include/my_robot_interfaces/my_robot_interfaces
[3.065s] -- Up-to-date: /home/chinmay/ROS2_Humble-Actions/src/install/my_robot_interfaces/include/my_robot_interfaces/my_robot_interfaces/action
[3.065s] -- Up-to-date: /home/chinmay/ROS2_Humble-Actions/src/install/my_robot_interfaces/include/my_robot_interfaces/my_robot_interfaces/action/detail
[3.065s] -- Installing: /home/chinmay/ROS2_Humble-Actions/src/install/my_robot_interfaces/include/my_robot_interfaces/my_robot_interfaces/action/detail/count_until__rosidl_typesupport_fastrtps_cpp.hpp
[3.065s] -- Installing: /home/chinmay/ROS2_Humble-Actions/src/install/my_robot_interfaces/include/my_robot_interfaces/my_robot_interfaces/action/detail/dds_fastrtps
[3.065s] -- Up-to-date: /home/chinmay/ROS2_Humble-Actions/src/install/my_robot_interfaces/include/my_robot_interfaces/my_robot_interfaces/msg
[3.065s] -- Installing: /home/chinmay/ROS2_Humble-Actions/src/install/my_robot_interfaces/include/my_robot_interfaces/my_robot_interfaces/msg/rosidl_typesupport_fastrtps_cpp__visibility_control.h
[3.065s] -- Installing: /home/chinmay/ROS2_Humble-Actions/src/install/my_robot_interfaces/lib/libmy_robot_interfaces__rosidl_typesupport_fastrtps_cpp.so
[3.065s] -- Set runtime path of "/home/chinmay/ROS2_Humble-Actions/src/install/my_robot_interfaces/lib/libmy_robot_interfaces__rosidl_typesupport_fastrtps_cpp.so" to ""
[3.065s] -- Up-to-date: /home/chinmay/ROS2_Humble-Actions/src/install/my_robot_interfaces/include/my_robot_interfaces/my_robot_interfaces
[3.065s] -- Up-to-date: /home/chinmay/ROS2_Humble-Actions/src/install/my_robot_interfaces/include/my_robot_interfaces/my_robot_interfaces/action
[3.065s] -- Up-to-date: /home/chinmay/ROS2_Humble-Actions/src/install/my_robot_interfaces/include/my_robot_interfaces/my_robot_interfaces/action/detail
[3.065s] -- Installing: /home/chinmay/ROS2_Humble-Actions/src/install/my_robot_interfaces/include/my_robot_interfaces/my_robot_interfaces/action/detail/count_until__type_support.cpp
[3.065s] -- Installing: /home/chinmay/ROS2_Humble-Actions/src/install/my_robot_interfaces/include/my_robot_interfaces/my_robot_interfaces/action/detail/count_until__rosidl_typesupport_introspection_cpp.hpp
[3.065s] -- Installing: /home/chinmay/ROS2_Humble-Actions/src/install/my_robot_interfaces/lib/libmy_robot_interfaces__rosidl_typesupport_introspection_cpp.so
[3.065s] -- Set runtime path of "/home/chinmay/ROS2_Humble-Actions/src/install/my_robot_interfaces/lib/libmy_robot_interfaces__rosidl_typesupport_introspection_cpp.so" to ""
[3.065s] -- Installing: /home/chinmay/ROS2_Humble-Actions/src/install/my_robot_interfaces/lib/libmy_robot_interfaces__rosidl_typesupport_cpp.so
[3.065s] -- Set runtime path of "/home/chinmay/ROS2_Humble-Actions/src/install/my_robot_interfaces/lib/libmy_robot_interfaces__rosidl_typesupport_cpp.so" to ""
[3.066s] -- Installing: /home/chinmay/ROS2_Humble-Actions/src/install/my_robot_interfaces/share/my_robot_interfaces/environment/pythonpath.sh
[3.066s] -- Installing: /home/chinmay/ROS2_Humble-Actions/src/install/my_robot_interfaces/share/my_robot_interfaces/environment/pythonpath.dsv
[3.066s] -- Installing: /home/chinmay/ROS2_Humble-Actions/src/install/my_robot_interfaces/local/lib/python3.10/dist-packages/my_robot_interfaces-0.0.0-py3.10.egg-info
[3.066s] -- Installing: /home/chinmay/ROS2_Humble-Actions/src/install/my_robot_interfaces/local/lib/python3.10/dist-packages/my_robot_interfaces-0.0.0-py3.10.egg-info/PKG-INFO
[3.066s] -- Installing: /home/chinmay/ROS2_Humble-Actions/src/install/my_robot_interfaces/local/lib/python3.10/dist-packages/my_robot_interfaces-0.0.0-py3.10.egg-info/top_level.txt
[3.066s] -- Installing: /home/chinmay/ROS2_Humble-Actions/src/install/my_robot_interfaces/local/lib/python3.10/dist-packages/my_robot_interfaces-0.0.0-py3.10.egg-info/SOURCES.txt
[3.066s] -- Installing: /home/chinmay/ROS2_Humble-Actions/src/install/my_robot_interfaces/local/lib/python3.10/dist-packages/my_robot_interfaces-0.0.0-py3.10.egg-info/dependency_links.txt
[3.066s] -- Installing: /home/chinmay/ROS2_Humble-Actions/src/install/my_robot_interfaces/local/lib/python3.10/dist-packages/my_robot_interfaces
[3.066s] -- Installing: /home/chinmay/ROS2_Humble-Actions/src/install/my_robot_interfaces/local/lib/python3.10/dist-packages/my_robot_interfaces/libmy_robot_interfaces__rosidl_generator_py.so
[3.066s] -- Installing: /home/chinmay/ROS2_Humble-Actions/src/install/my_robot_interfaces/local/lib/python3.10/dist-packages/my_robot_interfaces/_my_robot_interfaces_s.ep.rosidl_typesupport_introspection_c.c
[3.066s] -- Installing: /home/chinmay/ROS2_Humble-Actions/src/install/my_robot_interfaces/local/lib/python3.10/dist-packages/my_robot_interfaces/__init__.py
[3.066s] -- Installing: /home/chinmay/ROS2_Humble-Actions/src/install/my_robot_interfaces/local/lib/python3.10/dist-packages/my_robot_interfaces/_my_robot_interfaces_s.ep.rosidl_typesupport_fastrtps_c.c
[3.066s] -- Installing: /home/chinmay/ROS2_Humble-Actions/src/install/my_robot_interfaces/local/lib/python3.10/dist-packages/my_robot_interfaces/my_robot_interfaces_s__rosidl_typesupport_fastrtps_c.cpython-310-x86_64-linux-gnu.so
[3.066s] -- Installing: /home/chinmay/ROS2_Humble-Actions/src/install/my_robot_interfaces/local/lib/python3.10/dist-packages/my_robot_interfaces/my_robot_interfaces_s__rosidl_typesupport_c.cpython-310-x86_64-linux-gnu.so
[3.066s] -- Installing: /home/chinmay/ROS2_Humble-Actions/src/install/my_robot_interfaces/local/lib/python3.10/dist-packages/my_robot_interfaces/_my_robot_interfaces_s.ep.rosidl_typesupport_c.c
[3.066s] -- Installing: /home/chinmay/ROS2_Humble-Actions/src/install/my_robot_interfaces/local/lib/python3.10/dist-packages/my_robot_interfaces/action
[3.066s] -- Installing: /home/chinmay/ROS2_Humble-Actions/src/install/my_robot_interfaces/local/lib/python3.10/dist-packages/my_robot_interfaces/action/__init__.py
[3.066s] -- Installing: /home/chinmay/ROS2_Humble-Actions/src/install/my_robot_interfaces/local/lib/python3.10/dist-packages/my_robot_interfaces/action/_count_until.py
[3.066s] -- Installing: /home/chinmay/ROS2_Humble-Actions/src/install/my_robot_interfaces/local/lib/python3.10/dist-packages/my_robot_interfaces/action/_count_until_s.c
[3.066s] -- Installing: /home/chinmay/ROS2_Humble-Actions/src/install/my_robot_interfaces/local/lib/python3.10/dist-packages/my_robot_interfaces/my_robot_interfaces_s__rosidl_typesupport_introspection_c.cpython-310-x86_64-linux-gnu.so
[3.091s] Listing '/home/chinmay/ROS2_Humble-Actions/src/install/my_robot_interfaces/local/lib/python3.10/dist-packages/my_robot_interfaces'...
[3.091s] Compiling '/home/chinmay/ROS2_Humble-Actions/src/install/my_robot_interfaces/local/lib/python3.10/dist-packages/my_robot_interfaces/__init__.py'...
[3.091s] Listing '/home/chinmay/ROS2_Humble-Actions/src/install/my_robot_interfaces/local/lib/python3.10/dist-packages/my_robot_interfaces/action'...
[3.091s] Compiling '/home/chinmay/ROS2_Humble-Actions/src/install/my_robot_interfaces/local/lib/python3.10/dist-packages/my_robot_interfaces/action/__init__.py'...
[3.092s] Compiling '/home/chinmay/ROS2_Humble-Actions/src/install/my_robot_interfaces/local/lib/python3.10/dist-packages/my_robot_interfaces/action/_count_until.py'...
[3.094s] -- Installing: /home/chinmay/ROS2_Humble-Actions/src/install/my_robot_interfaces/local/lib/python3.10/dist-packages/my_robot_interfaces/my_robot_interfaces_s__rosidl_typesupport_fastrtps_c.cpython-310-x86_64-linux-gnu.so
[3.094s] -- Set runtime path of "/home/chinmay/ROS2_Humble-Actions/src/install/my_robot_interfaces/local/lib/python3.10/dist-packages/my_robot_interfaces/my_robot_interfaces_s__rosidl_typesupport_fastrtps_c.cpython-310-x86_64-linux-gnu.so" to ""
[3.094s] -- Installing: /home/chinmay/ROS2_Humble-Actions/src/install/my_robot_interfaces/local/lib/python3.10/dist-packages/my_robot_interfaces/my_robot_interfaces_s__rosidl_typesupport_introspection_c.cpython-310-x86_64-linux-gnu.so
[3.095s] -- Set runtime path of "/home/chinmay/ROS2_Humble-Actions/src/install/my_robot_interfaces/local/lib/python3.10/dist-packages/my_robot_interfaces/my_robot_interfaces_s__rosidl_typesupport_introspection_c.cpython-310-x86_64-linux-gnu.so" to ""
[3.095s] -- Installing: /home/chinmay/ROS2_Humble-Actions/src/install/my_robot_interfaces/local/lib/python3.10/dist-packages/my_robot_interfaces/my_robot_interfaces_s__rosidl_typesupport_c.cpython-310-x86_64-linux-gnu.so
[3.095s] -- Set runtime path of "/home/chinmay/ROS2_Humble-Actions/src/install/my_robot_interfaces/local/lib/python3.10/dist-packages/my_robot_interfaces/my_robot_interfaces_s__rosidl_typesupport_c.cpython-310-x86_64-linux-gnu.so" to ""
[3.095s] -- Installing: /home/chinmay/ROS2_Humble-Actions/src/install/my_robot_interfaces/lib/libmy_robot_interfaces__rosidl_generator_py.so
[3.095s] -- Set runtime path of "/home/chinmay/ROS2_Humble-Actions/src/install/my_robot_interfaces/lib/libmy_robot_interfaces__rosidl_generator_py.so" to ""
[3.095s] -- Installing: /home/chinmay/ROS2_Humble-Actions/src/install/my_robot_interfaces/share/my_robot_interfaces/action/CountUntil.idl
[3.095s] -- Installing: /home/chinmay/ROS2_Humble-Actions/src/install/my_robot_interfaces/share/my_robot_interfaces/action/CountUntil.action
[3.095s] -- Installing: /home/chinmay/ROS2_Humble-Actions/src/install/my_robot_interfaces/share/ament_index/resource_index/package_run_dependencies/my_robot_interfaces
[3.095s] -- Installing: /home/chinmay/ROS2_Humble-Actions/src/install/my_robot_interfaces/share/ament_index/resource_index/parent_prefix_path/my_robot_interfaces
[3.095s] -- Installing: /home/chinmay/ROS2_Humble-Actions/src/install/my_robot_interfaces/share/my_robot_interfaces/environment/ament_prefix_path.sh
[3.095s] -- Installing: /home/chinmay/ROS2_Humble-Actions/src/install/my_robot_interfaces/share/my_robot_interfaces/environment/ament_prefix_path.dsv
[3.095s] -- Installing: /home/chinmay/ROS2_Humble-Actions/src/install/my_robot_interfaces/share/my_robot_interfaces/environment/path.sh
[3.095s] -- Installing: /home/chinmay/ROS2_Humble-Actions/src/install/my_robot_interfaces/share/my_robot_interfaces/environment/path.dsv
[3.095s] -- Installing: /home/chinmay/ROS2_Humble-Actions/src/install/my_robot_interfaces/share/my_robot_interfaces/local_setup.bash
[3.095s] -- Installing: /home/chinmay/ROS2_Humble-Actions/src/install/my_robot_interfaces/share/my_robot_interfaces/local_setup.sh
[3.095s] -- Installing: /home/chinmay/ROS2_Humble-Actions/src/install/my_robot_interfaces/share/my_robot_interfaces/local_setup.zsh
[3.095s] -- Installing: /home/chinmay/ROS2_Humble-Actions/src/install/my_robot_interfaces/share/my_robot_interfaces/local_setup.dsv
[3.095s] -- Installing: /home/chinmay/ROS2_Humble-Actions/src/install/my_robot_interfaces/share/my_robot_interfaces/package.dsv
[3.095s] -- Installing: /home/chinmay/ROS2_Humble-Actions/src/install/my_robot_interfaces/share/ament_index/resource_index/packages/my_robot_interfaces
[3.095s] -- Installing: /home/chinmay/ROS2_Humble-Actions/src/install/my_robot_interfaces/share/my_robot_interfaces/cmake/export_my_robot_interfaces__rosidl_generator_cExport.cmake
[3.096s] -- Installing: /home/chinmay/ROS2_Humble-Actions/src/install/my_robot_interfaces/share/my_robot_interfaces/cmake/export_my_robot_interfaces__rosidl_generator_cExport-noconfig.cmake
[3.096s] -- Installing: /home/chinmay/ROS2_Humble-Actions/src/install/my_robot_interfaces/share/my_robot_interfaces/cmake/export_my_robot_interfaces__rosidl_typesupport_fastrtps_cExport.cmake
[3.096s] -- Installing: /home/chinmay/ROS2_Humble-Actions/src/install/my_robot_interfaces/share/my_robot_interfaces/cmake/export_my_robot_interfaces__rosidl_typesupport_fastrtps_cExport-noconfig.cmake
[3.096s] -- Installing: /home/chinmay/ROS2_Humble-Actions/src/install/my_robot_interfaces/share/my_robot_interfaces/cmake/my_robot_interfaces__rosidl_typesupport_introspection_cExport.cmake
[3.096s] -- Installing: /home/chinmay/ROS2_Humble-Actions/src/install/my_robot_interfaces/share/my_robot_interfaces/cmake/my_robot_interfaces__rosidl_typesupport_introspection_cExport-noconfig.cmake
[3.096s] -- Installing: /home/chinmay/ROS2_Humble-Actions/src/install/my_robot_interfaces/share/my_robot_interfaces/cmake/my_robot_interfaces__rosidl_typesupport_cExport.cmake
[3.096s] -- Installing: /home/chinmay/ROS2_Humble-Actions/src/install/my_robot_interfaces/share/my_robot_interfaces/cmake/my_robot_interfaces__rosidl_typesupport_cExport-noconfig.cmake
[3.096s] -- Installing: /home/chinmay/ROS2_Humble-Actions/src/install/my_robot_interfaces/share/my_robot_interfaces/cmake/export_my_robot_interfaces__rosidl_generator_cppExport.cmake
[3.096s] -- Installing: /home/chinmay/ROS2_Humble-Actions/src/install/my_robot_interfaces/share/my_robot_interfaces/cmake/export_my_robot_interfaces__rosidl_typesupport_fastrtps_cppExport.cmake
[3.096s] -- Installing: /home/chinmay/ROS2_Humble-Actions/src/install/my_robot_interfaces/share/my_robot_interfaces/cmake/export_my_robot_interfaces__rosidl_typesupport_fastrtps_cppExport-noconfig.cmake
[3.096s] -- Installing: /home/chinmay/ROS2_Humble-Actions/src/install/my_robot_interfaces/share/my_robot_interfaces/cmake/my_robot_interfaces__rosidl_typesupport_introspection_cppExport.cmake
[3.096s] -- Installing: /home/chinmay/ROS2_Humble-Actions/src/install/my_robot_interfaces/share/my_robot_interfaces/cmake/my_robot_interfaces__rosidl_typesupport_introspection_cppExport-noconfig.cmake
[3.096s] -- Installing: /home/chinmay/ROS2_Humble-Actions/src/install/my_robot_interfaces/share/my_robot_interfaces/cmake/my_robot_interfaces__rosidl_typesupport_cppExport.cmake
[3.096s] -- Installing: /home/chinmay/ROS2_Humble-Actions/src/install/my_robot_interfaces/share/my_robot_interfaces/cmake/my_robot_interfaces__rosidl_typesupport_cppExport-noconfig.cmake
[3.096s] -- Installing: /home/chinmay/ROS2_Humble-Actions/src/install/my_robot_interfaces/share/my_robot_interfaces/cmake/export_my_robot_interfaces__rosidl_generator_pyExport.cmake
[3.096s] -- Installing: /home/chinmay/ROS2_Humble-Actions/src/install/my_robot_interfaces/share/my_robot_interfaces/cmake/export_my_robot_interfaces__rosidl_generator_pyExport-noconfig.cmake
[3.096s] -- Installing: /home/chinmay/ROS2_Humble-Actions/src/install/my_robot_interfaces/share/my_robot_interfaces/cmake/rosidl_cmake-extras.cmake
[3.096s] -- Installing: /home/chinmay/ROS2_Humble-Actions/src/install/my_robot_interfaces/share/my_robot_interfaces/cmake/ament_cmake_export_dependencies-extras.cmake
[3.096s] -- Installing: /home/chinmay/ROS2_Humble-Actions/src/install/my_robot_interfaces/share/my_robot_interfaces/cmake/ament_cmake_export_include_directories-extras.cmake
[3.096s] -- Installing: /home/chinmay/ROS2_Humble-Actions/src/install/my_robot_interfaces/share/my_robot_interfaces/cmake/ament_cmake_export_libraries-extras.cmake
[3.096s] -- Installing: /home/chinmay/ROS2_Humble-Actions/src/install/my_robot_interfaces/share/my_robot_interfaces/cmake/ament_cmake_export_targets-extras.cmake
[3.097s] -- Installing: /home/chinmay/ROS2_Humble-Actions/src/install/my_robot_interfaces/share/my_robot_interfaces/cmake/rosidl_cmake_export_typesupport_targets-extras.cmake
[3.097s] -- Installing: /home/chinmay/ROS2_Humble-Actions/src/install/my_robot_interfaces/share/my_robot_interfaces/cmake/rosidl_cmake_export_typesupport_libraries-extras.cmake
[3.097s] -- Installing: /home/chinmay/ROS2_Humble-Actions/src/install/my_robot_interfaces/share/my_robot_interfaces/cmake/my_robot_interfacesConfig.cmake
[3.097s] -- Installing: /home/chinmay/ROS2_Humble-Actions/src/install/my_robot_interfaces/share/my_robot_interfaces/cmake/my_robot_interfacesConfig-version.cmake
[3.097s] -- Installing: /home/chinmay/ROS2_Humble-Actions/src/install/my_robot_interfaces/share/my_robot_interfaces/package.xml
[3.098s] Invoked command in '/home/chinmay/ROS2_Humble-Actions/src/build/my_robot_interfaces' returned '0': CMAKE_PREFIX_PATH=/opt/ros/humble /usr/bin/cmake --install /home/chinmay/ROS2_Humble-Actions/src/build/my_robot_interfaces
